1615512829196	geckodriver	INFO	Listening on 127.0.0.1:40875
1615512829201	mozrunner::runner	INFO	Running command: "/usr/bin/firefox" "--marionette" "headless" "window-size=1920x1080" "-foreground" "-no-remote" "-profile" "/tmp/rust_mozprofileQfyUPa"
console.warn: SearchSettings: "get: No settings file exists, new profile?" (new Error("", "(unknown module)"))
1615512841830	Marionette	INFO	Listening on port 44929
1615512842254	Marionette	WARN	TLS certificate errors will be ignored for this session
JavaScript error: resource://gre/modules/XULStore.jsm, line 66: Error: Can't find profile directory.
JavaScript error: resource://gre/modules/XULStore.jsm, line 66: Error: Can't find profile directory.
JavaScript error: resource://gre/modules/XULStore.jsm, line 66: Error: Can't find profile directory.
JavaScript error: , line 0: AbortError: Actor 'ASRouter' destroyed before query 'NEWTAB_MESSAGE_REQUEST' was resolved
1615512982921	Marionette	INFO	Stopped listening on port 44929

###!!! [Parent][RunMessage] Error: Channel closing: too late to send/recv, messages will be lost

1615513038230	geckodriver	INFO	Listening on 127.0.0.1:39231
1615513038233	mozrunner::runner	INFO	Running command: "/usr/bin/firefox" "--marionette" "headless" "window-size=1920x1080" "-foreground" "-no-remote" "-profile" "/tmp/rust_mozprofileUjYAZD"
console.warn: SearchSettings: "get: No settings file exists, new profile?" (new Error("", "(unknown module)"))
1615513050112	Marionette	INFO	Listening on port 38613
1615513050190	Marionette	WARN	TLS certificate errors will be ignored for this session
1615513052415	Marionette	WARN	Ignoring event 'pageshow' because document has an invalid readyState of 'interactive'.
JavaScript error: resource://gre/modules/XULStore.jsm, line 66: Error: Can't find profile directory.
JavaScript error: resource://gre/modules/XULStore.jsm, line 66: Error: Can't find profile directory.
JavaScript error: resource://gre/modules/XULStore.jsm, line 66: Error: Can't find profile directory.
1615513069137	geckodriver	INFO	Listening on 127.0.0.1:59679
1615513069141	mozrunner::runner	INFO	Running command: "/usr/bin/firefox" "--marionette" "headless" "window-size=1920x1080" "-foreground" "-no-remote" "-profile" "/tmp/rust_mozprofilerka9OJ"
console.warn: SearchSettings: "get: No settings file exists, new profile?" (new Error("", "(unknown module)"))
1615513082195	Marionette	INFO	Listening on port 44991
1615513082304	Marionette	WARN	TLS certificate errors will be ignored for this session
JavaScript error: resource://gre/modules/XULStore.jsm, line 66: Error: Can't find profile directory.
JavaScript error: resource://gre/modules/XULStore.jsm, line 66: Error: Can't find profile directory.
JavaScript error: resource://gre/modules/XULStore.jsm, line 66: Error: Can't find profile directory.
JavaScript error: resource://gre/modules/XULStore.jsm, line 66: Error: Can't find profile directory.
JavaScript error: resource://gre/modules/XULStore.jsm, line 66: Error: Can't find profile directory.
JavaScript error: , line 0: uncaught exception: undefined
JavaScript error: , line 0: AbortError: Actor 'ASRouter' destroyed before query 'NEWTAB_MESSAGE_REQUEST' was resolved
1615513104526	Marionette	INFO	Stopped listening on port 44991

###!!! [Parent][RunMessage] Error: Channel closing: too late to send/recv, messages will be lost

JavaScript error: , line 0: AbortError: Actor 'ASRouter' destroyed before query 'NEWTAB_MESSAGE_REQUEST' was resolved
1615513112545	Marionette	INFO	Stopped listening on port 38613

###!!! [Parent][RunMessage] Error: Channel closing: too late to send/recv, messages will be lost

1615513177705	geckodriver	INFO	Listening on 127.0.0.1:34669
1615513177765	mozrunner::runner	INFO	Running command: "/usr/bin/firefox" "--marionette" "headless" "window-size=1920x1080" "-foreground" "-no-remote" "-profile" "/tmp/rust_mozprofileS93sb9"
console.warn: SearchSettings: "get: No settings file exists, new profile?" (new Error("", "(unknown module)"))
1615513190372	Marionette	INFO	Listening on port 36727
1615513190442	Marionette	WARN	TLS certificate errors will be ignored for this session
JavaScript error: resource://gre/modules/XULStore.jsm, line 66: Error: Can't find profile directory.
JavaScript error: resource://gre/modules/XULStore.jsm, line 66: Error: Can't find profile directory.
JavaScript error: resource://gre/modules/XULStore.jsm, line 66: Error: Can't find profile directory.
1615513208264	Marionette	WARN	Ignoring event 'pageshow' because document has an invalid readyState of 'interactive'.
1615513231529	geckodriver	INFO	Listening on 127.0.0.1:38675
1615513231585	mozrunner::runner	INFO	Running command: "/usr/bin/firefox" "--marionette" "headless" "window-size=1920x1080" "-foreground" "-no-remote" "-profile" "/tmp/rust_mozprofileySDMMv"
console.warn: SearchSettings: "get: No settings file exists, new profile?" (new Error("", "(unknown module)"))
1615513244511	Marionette	INFO	Listening on port 40775
1615513244544	Marionette	WARN	TLS certificate errors will be ignored for this session
JavaScript error: resource://gre/modules/XULStore.jsm, line 66: Error: Can't find profile directory.
JavaScript error: resource://gre/modules/XULStore.jsm, line 66: Error: Can't find profile directory.
JavaScript error: resource://gre/modules/XULStore.jsm, line 66: Error: Can't find profile directory.
1615513247173	Marionette	WARN	Ignoring event 'pageshow' because document has an invalid readyState of 'interactive'.
JavaScript error: , line 0: AbortError: Actor 'ASRouter' destroyed before query 'NEWTAB_MESSAGE_REQUEST' was resolved
1615513257446	Marionette	INFO	Stopped listening on port 40775

###!!! [Parent][RunMessage] Error: Channel closing: too late to send/recv, messages will be lost

1615513261313	geckodriver	INFO	Listening on 127.0.0.1:38147
1615513261317	mozrunner::runner	INFO	Running command: "/usr/bin/firefox" "--marionette" "headless" "window-size=1920x1080" "-foreground" "-no-remote" "-profile" "/tmp/rust_mozprofileejfYcW"
console.warn: SearchSettings: "get: No settings file exists, new profile?" (new Error("", "(unknown module)"))
1615513272743	Marionette	INFO	Listening on port 35453
1615513272798	Marionette	WARN	TLS certificate errors will be ignored for this session
JavaScript error: resource://gre/modules/XULStore.jsm, line 66: Error: Can't find profile directory.
JavaScript error: resource://gre/modules/XULStore.jsm, line 66: Error: Can't find profile directory.
JavaScript error: resource://gre/modules/XULStore.jsm, line 66: Error: Can't find profile directory.
1615513283421	Marionette	WARN	Ignoring event 'pageshow' because document has an invalid readyState of 'interactive'.
1615513289059	Marionette	WARN	Ignoring event 'pageshow' because document has an invalid readyState of 'interactive'.
JavaScript error: , line 0: AbortError: Actor 'ASRouter' destroyed before query 'NEWTAB_MESSAGE_REQUEST' was resolved
1615513310024	Marionette	INFO	Stopped listening on port 36727

###!!! [Parent][RunMessage] Error: Channel closing: too late to send/recv, messages will be lost

JavaScript error: , line 0: AbortError: Actor 'ASRouter' destroyed before query 'NEWTAB_MESSAGE_REQUEST' was resolved
1615513322052	Marionette	INFO	Stopped listening on port 35453

###!!! [Parent][RunMessage] Error: Channel closing: too late to send/recv, messages will be lost

1615513343874	geckodriver	INFO	Listening on 127.0.0.1:40141
1615513343878	mozrunner::runner	INFO	Running command: "/usr/bin/firefox" "--marionette" "headless" "window-size=1920x1080" "-foreground" "-no-remote" "-profile" "/tmp/rust_mozprofileHF0Knl"
console.warn: SearchSettings: "get: No settings file exists, new profile?" (new Error("", "(unknown module)"))
1615513354380	Marionette	INFO	Listening on port 37461
1615513354430	Marionette	WARN	TLS certificate errors will be ignored for this session
JavaScript error: resource://gre/modules/XULStore.jsm, line 66: Error: Can't find profile directory.
JavaScript error: resource://gre/modules/XULStore.jsm, line 66: Error: Can't find profile directory.
JavaScript error: resource://gre/modules/XULStore.jsm, line 66: Error: Can't find profile directory.
1615513358085	Marionette	WARN	Ignoring event 'pageshow' because document has an invalid readyState of 'interactive'.
1615513428656	geckodriver	INFO	Listening on 127.0.0.1:55813
1615513428661	mozrunner::runner	INFO	Running command: "/usr/bin/firefox" "--marionette" "headless" "window-size=1600x900" "-foreground" "-no-remote" "-profile" "/tmp/rust_mozprofileD80bi2"
console.warn: SearchSettings: "get: No settings file exists, new profile?" (new Error("", "(unknown module)"))
1615513439275	Marionette	INFO	Listening on port 43391
1615513439316	Marionette	WARN	TLS certificate errors will be ignored for this session
JavaScript error: resource://gre/modules/XULStore.jsm, line 66: Error: Can't find profile directory.
JavaScript error: resource://gre/modules/XULStore.jsm, line 66: Error: Can't find profile directory.
JavaScript error: resource://gre/modules/XULStore.jsm, line 66: Error: Can't find profile directory.
JavaScript error: resource://gre/modules/XULStore.jsm, line 66: Error: Can't find profile directory.
JavaScript error: resource://gre/modules/XULStore.jsm, line 66: Error: Can't find profile directory.
JavaScript error: , line 0: AbortError: Actor 'ASRouter' destroyed before query 'NEWTAB_MESSAGE_REQUEST' was resolved
JavaScript error: , line 0: AbortError: Actor 'ASRouter' destroyed before query 'NEWTAB_MESSAGE_REQUEST' was resolved
1615513457813	Marionette	INFO	Stopped listening on port 37461

###!!! [Parent][RunMessage] Error: Channel closing: too late to send/recv, messages will be lost

1615513459219	Marionette	INFO	Stopped listening on port 43391

###!!! [Parent][RunMessage] Error: Channel closing: too late to send/recv, messages will be lost

1615513479911	geckodriver	INFO	Listening on 127.0.0.1:40167
1615513479916	mozrunner::runner	INFO	Running command: "/usr/bin/firefox" "--marionette" "headless" "window-size=1080x720" "-foreground" "-no-remote" "-profile" "/tmp/rust_mozprofile8ERHMO"
console.warn: SearchSettings: "get: No settings file exists, new profile?" (new Error("", "(unknown module)"))
1615513489266	Marionette	INFO	Listening on port 37909
1615513489348	Marionette	WARN	TLS certificate errors will be ignored for this session
JavaScript error: resource://gre/modules/XULStore.jsm, line 66: Error: Can't find profile directory.
JavaScript error: resource://gre/modules/XULStore.jsm, line 66: Error: Can't find profile directory.
JavaScript error: resource://gre/modules/XULStore.jsm, line 66: Error: Can't find profile directory.
JavaScript error: resource://gre/modules/XULStore.jsm, line 66: Error: Can't find profile directory.
JavaScript error: resource://gre/modules/XULStore.jsm, line 66: Error: Can't find profile directory.
JavaScript error: , line 0: uncaught exception: undefined
JavaScript error: , line 0: AbortError: Actor 'ASRouter' destroyed before query 'NEWTAB_MESSAGE_REQUEST' was resolved
1615513505017	Marionette	INFO	Stopped listening on port 37909

###!!! [Parent][RunMessage] Error: Channel closing: too late to send/recv, messages will be lost

1615513540710	geckodriver	INFO	Listening on 127.0.0.1:50365
1615513540715	mozrunner::runner	INFO	Running command: "/usr/bin/firefox" "--marionette" "headless" "window-size=1366x768" "-foreground" "-no-remote" "-profile" "/tmp/rust_mozprofileUh9C2B"
console.warn: SearchSettings: "get: No settings file exists, new profile?" (new Error("", "(unknown module)"))
1615513551275	Marionette	INFO	Listening on port 37955
1615513551369	Marionette	WARN	TLS certificate errors will be ignored for this session
JavaScript error: resource://gre/modules/XULStore.jsm, line 66: Error: Can't find profile directory.
JavaScript error: resource://gre/modules/XULStore.jsm, line 66: Error: Can't find profile directory.
JavaScript error: resource://gre/modules/XULStore.jsm, line 66: Error: Can't find profile directory.
1615513566826	geckodriver	INFO	Listening on 127.0.0.1:58061
1615513566830	mozrunner::runner	INFO	Running command: "/usr/bin/firefox" "--marionette" "headless" "window-size=1366x768" "-foreground" "-no-remote" "-profile" "/tmp/rust_mozprofile1YQVB6"
console.warn: SearchSettings: "get: No settings file exists, new profile?" (new Error("", "(unknown module)"))
1615513578327	Marionette	INFO	Listening on port 38247
1615513578390	Marionette	WARN	TLS certificate errors will be ignored for this session
JavaScript error: resource://gre/modules/XULStore.jsm, line 66: Error: Can't find profile directory.
JavaScript error: resource://gre/modules/XULStore.jsm, line 66: Error: Can't find profile directory.
JavaScript error: resource://gre/modules/XULStore.jsm, line 66: Error: Can't find profile directory.
JavaScript error: , line 0: AbortError: Actor 'ASRouter' destroyed before query 'NEWTAB_MESSAGE_REQUEST' was resolved
JavaScript error: , line 0: AbortError: Actor 'ASRouter' destroyed before query 'NEWTAB_MESSAGE_REQUEST' was resolved
1615513765243	Marionette	INFO	Stopped listening on port 37955

###!!! [Parent][RunMessage] Error: Channel closing: too late to send/recv, messages will be lost

1615513782204	Marionette	INFO	Stopped listening on port 38247
1615513800889	geckodriver	INFO	Listening on 127.0.0.1:42553
1615513800893	mozrunner::runner	INFO	Running command: "/usr/bin/firefox" "--marionette" "headless" "window-size=1366x768" "-foreground" "-no-remote" "-profile" "/tmp/rust_mozprofile9jWC8P"
console.warn: SearchSettings: "get: No settings file exists, new profile?" (new Error("", "(unknown module)"))
1615513808880	Marionette	INFO	Listening on port 42569
1615513808952	Marionette	WARN	TLS certificate errors will be ignored for this session
JavaScript error: resource://gre/modules/XULStore.jsm, line 66: Error: Can't find profile directory.
JavaScript error: resource://gre/modules/XULStore.jsm, line 66: Error: Can't find profile directory.
JavaScript error: resource://gre/modules/XULStore.jsm, line 66: Error: Can't find profile directory.
JavaScript error: , line 0: AbortError: Actor 'ASRouter' destroyed before query 'NEWTAB_MESSAGE_REQUEST' was resolved
1615513884763	Marionette	INFO	Stopped listening on port 42569

###!!! [Parent][RunMessage] Error: Channel closing: too late to send/recv, messages will be lost

1615513894992	geckodriver	INFO	Listening on 127.0.0.1:35279
1615513894996	mozrunner::runner	INFO	Running command: "/usr/bin/firefox" "--marionette" "headless" "window-size=1366x768" "-foreground" "-no-remote" "-profile" "/tmp/rust_mozprofilewAEvqy"
console.warn: SearchSettings: "get: No settings file exists, new profile?" (new Error("", "(unknown module)"))
1615513902969	Marionette	INFO	Listening on port 46269
1615513903040	Marionette	WARN	TLS certificate errors will be ignored for this session
JavaScript error: resource://gre/modules/XULStore.jsm, line 66: Error: Can't find profile directory.
JavaScript error: resource://gre/modules/XULStore.jsm, line 66: Error: Can't find profile directory.
JavaScript error: resource://gre/modules/XULStore.jsm, line 66: Error: Can't find profile directory.
JavaScript error: resource://gre/modules/XULStore.jsm, line 66: Error: Can't find profile directory.
JavaScript error: resource://gre/modules/XULStore.jsm, line 66: Error: Can't find profile directory.
JavaScript error: resource://gre/modules/XULStore.jsm, line 66: Error: Can't find profile directory.
JavaScript error: resource://gre/modules/XULStore.jsm, line 66: Error: Can't find profile directory.
JavaScript error: resource://gre/modules/XULStore.jsm, line 66: Error: Can't find profile directory.
JavaScript error: resource://gre/modules/XULStore.jsm, line 66: Error: Can't find profile directory.
JavaScript error: resource://gre/modules/XULStore.jsm, line 66: Error: Can't find profile directory.
JavaScript error: resource://gre/modules/XULStore.jsm, line 66: Error: Can't find profile directory.
1615514013089	Marionette	WARN	Ignoring event 'pageshow' because document has an invalid readyState of 'interactive'.
1615514016712	Marionette	WARN	Ignoring event 'pageshow' because document has an invalid readyState of 'interactive'.
JavaScript error: , line 0: AbortError: Actor 'ASRouter' destroyed before query 'NEWTAB_MESSAGE_REQUEST' was resolved
1615514022625	geckodriver	INFO	Listening on 127.0.0.1:60759
1615514022628	mozrunner::runner	INFO	Running command: "/usr/bin/firefox" "--marionette" "headless" "window-size=1366x768" "-foreground" "-no-remote" "-profile" "/tmp/rust_mozprofileVTJHng"
console.warn: SearchSettings: "get: No settings file exists, new profile?" (new Error("", "(unknown module)"))
1615514031179	Marionette	INFO	Listening on port 42983
1615514031220	Marionette	WARN	TLS certificate errors will be ignored for this session
JavaScript error: resource://gre/modules/XULStore.jsm, line 66: Error: Can't find profile directory.
JavaScript error: resource://gre/modules/XULStore.jsm, line 66: Error: Can't find profile directory.
JavaScript error: resource://gre/modules/XULStore.jsm, line 66: Error: Can't find profile directory.
JavaScript error: resource://gre/modules/XULStore.jsm, line 66: Error: Can't find profile directory.
JavaScript error: resource://gre/modules/XULStore.jsm, line 66: Error: Can't find profile directory.
JavaScript error: , line 0: AbortError: Actor 'ASRouter' destroyed before query 'NEWTAB_MESSAGE_REQUEST' was resolved
1615514044279	Marionette	INFO	Stopped listening on port 42983

###!!! [Parent][RunMessage] Error: Channel closing: too late to send/recv, messages will be lost

1615514062492	Marionette	INFO	Stopped listening on port 46269

###!!! [Parent][RunMessage] Error: Channel closing: too late to send/recv, messages will be lost

1615514068014	geckodriver	INFO	Listening on 127.0.0.1:40327
1615514068026	mozrunner::runner	INFO	Running command: "/usr/bin/firefox" "--marionette" "headless" "window-size=1366x768" "-foreground" "-no-remote" "-profile" "/tmp/rust_mozprofileF6tbaC"
console.warn: SearchSettings: "get: No settings file exists, new profile?" (new Error("", "(unknown module)"))
1615514076947	Marionette	INFO	Listening on port 34073
1615514077021	Marionette	WARN	TLS certificate errors will be ignored for this session
JavaScript error: resource://gre/modules/XULStore.jsm, line 66: Error: Can't find profile directory.
JavaScript error: resource://gre/modules/XULStore.jsm, line 66: Error: Can't find profile directory.
JavaScript error: resource://gre/modules/XULStore.jsm, line 66: Error: Can't find profile directory.
JavaScript warning: http://loterias.caixa.gov.br/InstitucionalTema/themes/static/js/jquery-1.9.1.min.js, line 2: Using //@ to indicate sourceMappingURL pragmas is deprecated. Use //# instead
JavaScript warning: http://loterias.caixa.gov.br/InstitucionalTema/themes/static/js/rybena-1.0.js, line 0: Successfully compiled asm.js code (total compilation time 39ms)
JavaScript error: resource://gre/modules/XULStore.jsm, line 66: Error: Can't find profile directory.
JavaScript error: resource://gre/modules/XULStore.jsm, line 66: Error: Can't find profile directory.
1615514263662	geckodriver	INFO	Listening on 127.0.0.1:60845
1615514263667	mozrunner::runner	INFO	Running command: "/usr/bin/firefox" "--marionette" "headless" "window-size=1366x768" "-foreground" "-no-remote" "-profile" "/tmp/rust_mozprofilerPAfue"
console.warn: SearchSettings: "get: No settings file exists, new profile?" (new Error("", "(unknown module)"))
1615514271805	Marionette	INFO	Listening on port 43347
1615514271908	Marionette	WARN	TLS certificate errors will be ignored for this session
JavaScript error: resource://gre/modules/XULStore.jsm, line 66: Error: Can't find profile directory.
JavaScript error: resource://gre/modules/XULStore.jsm, line 66: Error: Can't find profile directory.
JavaScript error: resource://gre/modules/XULStore.jsm, line 66: Error: Can't find profile directory.
1615514297604	geckodriver	INFO	Listening on 127.0.0.1:33569
1615514297608	mozrunner::runner	INFO	Running command: "/usr/bin/firefox" "--marionette" "headless" "window-size=1920x1080" "-foreground" "-no-remote" "-profile" "/tmp/rust_mozprofilekBBw5z"
console.warn: SearchSettings: "get: No settings file exists, new profile?" (new Error("", "(unknown module)"))
1615514308157	Marionette	INFO	Listening on port 35227
1615514308272	Marionette	WARN	TLS certificate errors will be ignored for this session
JavaScript error: resource://gre/modules/XULStore.jsm, line 66: Error: Can't find profile directory.
JavaScript error: resource://gre/modules/XULStore.jsm, line 66: Error: Can't find profile directory.
JavaScript error: resource://gre/modules/XULStore.jsm, line 66: Error: Can't find profile directory.
1615514428276	geckodriver	INFO	Listening on 127.0.0.1:55605
1615514428281	mozrunner::runner	INFO	Running command: "/usr/bin/firefox" "--marionette" "headless" "window-size=1920x1080" "-foreground" "-no-remote" "-profile" "/tmp/rust_mozprofileMIJCOz"
console.warn: SearchSettings: "get: No settings file exists, new profile?" (new Error("", "(unknown module)"))
1615514435362	Marionette	INFO	Listening on port 37987
1615514435427	Marionette	WARN	TLS certificate errors will be ignored for this session
JavaScript error: resource://gre/modules/XULStore.jsm, line 66: Error: Can't find profile directory.
JavaScript error: resource://gre/modules/XULStore.jsm, line 66: Error: Can't find profile directory.
JavaScript error: resource://gre/modules/XULStore.jsm, line 66: Error: Can't find profile directory.
JavaScript error: , line 0: AbortError: Actor 'ASRouter' destroyed before query 'NEWTAB_MESSAGE_REQUEST' was resolved
console.log: WebExtensions: reset-default-search: No addons in our list are installed.
1615514462578	Marionette	INFO	Stopped listening on port 37987
JavaScript error: , line 0: AbortError: Actor 'ASRouter' destroyed before query 'NEWTAB_MESSAGE_REQUEST' was resolved
1615514491807	Marionette	INFO	Stopped listening on port 35227

###!!! [Parent][RunMessage] Error: Channel closing: too late to send/recv, messages will be lost

JavaScript error: , line 0: AbortError: Actor 'ASRouter' destroyed before query 'NEWTAB_MESSAGE_REQUEST' was resolved
1615514494292	Marionette	INFO	Stopped listening on port 43347

###!!! [Parent][RunMessage] Error: Channel closing: too late to send/recv, messages will be lost

JavaScript error: , line 0: AbortError: Actor 'ASRouter' destroyed before query 'NEWTAB_MESSAGE_REQUEST' was resolved
1615514513062	Marionette	INFO	Stopped listening on port 34073

###!!! [Parent][RunMessage] Error: Channel closing: too late to send/recv, messages will be lost

1615514534119	geckodriver	INFO	Listening on 127.0.0.1:58705
1615514534125	mozrunner::runner	INFO	Running command: "/usr/bin/firefox" "--marionette" "headless" "window-size=1920x1080" "-foreground" "-no-remote" "-profile" "/tmp/rust_mozprofilepdHxb2"
console.warn: SearchSettings: "get: No settings file exists, new profile?" (new Error("", "(unknown module)"))
1615514541606	Marionette	INFO	Listening on port 35149
1615514541674	Marionette	WARN	TLS certificate errors will be ignored for this session
JavaScript error: resource://gre/modules/XULStore.jsm, line 66: Error: Can't find profile directory.
JavaScript error: resource://gre/modules/XULStore.jsm, line 66: Error: Can't find profile directory.
JavaScript error: resource://gre/modules/XULStore.jsm, line 66: Error: Can't find profile directory.
JavaScript error: resource://gre/modules/XULStore.jsm, line 66: Error: Can't find profile directory.
JavaScript error: resource://gre/modules/XULStore.jsm, line 66: Error: Can't find profile directory.
JavaScript error: , line 0: AbortError: Actor 'ASRouter' destroyed before query 'NEWTAB_MESSAGE_REQUEST' was resolved
1615514628506	Marionette	INFO	Stopped listening on port 35149

###!!! [Parent][RunMessage] Error: Channel closing: too late to send/recv, messages will be lost

1615515040495	geckodriver	INFO	Listening on 127.0.0.1:40303
1615515040500	mozrunner::runner	INFO	Running command: "/usr/bin/firefox" "--marionette" "headless" "window-size=1920x1080" "-foreground" "-no-remote" "-profile" "/tmp/rust_mozprofileyBZ2Q2"
console.warn: SearchSettings: "get: No settings file exists, new profile?" (new Error("", "(unknown module)"))
1615515048608	Marionette	INFO	Listening on port 46029
1615515048647	Marionette	WARN	TLS certificate errors will be ignored for this session
JavaScript error: resource://gre/modules/XULStore.jsm, line 66: Error: Can't find profile directory.
JavaScript error: resource://gre/modules/XULStore.jsm, line 66: Error: Can't find profile directory.
JavaScript error: resource://gre/modules/XULStore.jsm, line 66: Error: Can't find profile directory.
JavaScript error: resource://gre/modules/XULStore.jsm, line 66: Error: Can't find profile directory.
JavaScript error: resource://gre/modules/XULStore.jsm, line 66: Error: Can't find profile directory.
JavaScript error: , line 0: AbortError: Actor 'ASRouter' destroyed before query 'NEWTAB_MESSAGE_REQUEST' was resolved
JavaScript error: resource://gre/modules/UrlClassifierListManager.jsm, line 691: TypeError: this.tablesData[table] is undefined
1615515060345	Marionette	INFO	Stopped listening on port 46029

###!!! [Parent][RunMessage] Error: Channel closing: too late to send/recv, messages will be lost

1615515152381	geckodriver	INFO	Listening on 127.0.0.1:46077
1615515152385	mozrunner::runner	INFO	Running command: "/usr/bin/firefox" "--marionette" "headless" "window-size=1920x1080" "-foreground" "-no-remote" "-profile" "/tmp/rust_mozprofileuqh2nt"
console.warn: SearchSettings: "get: No settings file exists, new profile?" (new Error("", "(unknown module)"))
1615515161824	Marionette	INFO	Listening on port 42583
1615515161932	Marionette	WARN	TLS certificate errors will be ignored for this session
JavaScript error: resource://gre/modules/XULStore.jsm, line 66: Error: Can't find profile directory.
JavaScript error: resource://gre/modules/XULStore.jsm, line 66: Error: Can't find profile directory.
JavaScript error: resource://gre/modules/XULStore.jsm, line 66: Error: Can't find profile directory.
JavaScript error: resource://gre/modules/XULStore.jsm, line 66: Error: Can't find profile directory.
JavaScript error: resource://gre/modules/XULStore.jsm, line 66: Error: Can't find profile directory.
JavaScript error: resource://gre/modules/XULStore.jsm, line 66: Error: Can't find profile directory.
JavaScript error: resource://gre/modules/XULStore.jsm, line 66: Error: Can't find profile directory.
JavaScript error: resource://gre/modules/XULStore.jsm, line 66: Error: Can't find profile directory.
JavaScript error: resource://gre/modules/XULStore.jsm, line 66: Error: Can't find profile directory.
JavaScript error: resource://gre/modules/XULStore.jsm, line 66: Error: Can't find profile directory.
JavaScript error: resource://gre/modules/XULStore.jsm, line 66: Error: Can't find profile directory.
JavaScript error: resource://gre/modules/XULStore.jsm, line 66: Error: Can't find profile directory.
1615515232015	FirefoxAccounts	ERROR	FxA rejecting with error NO_ACCOUNT, details: undefined
1615515390773	geckodriver	INFO	Listening on 127.0.0.1:36039
1615515390777	mozrunner::runner	INFO	Running command: "/usr/bin/firefox" "--marionette" "headless" "window-size=1920x1080" "-foreground" "-no-remote" "-profile" "/tmp/rust_mozprofileOsVOmS"
console.warn: SearchSettings: "get: No settings file exists, new profile?" (new Error("", "(unknown module)"))
1615515397810	Marionette	INFO	Listening on port 39607
1615515397915	Marionette	WARN	TLS certificate errors will be ignored for this session
JavaScript error: resource://gre/modules/XULStore.jsm, line 66: Error: Can't find profile directory.
JavaScript error: resource://gre/modules/XULStore.jsm, line 66: Error: Can't find profile directory.
JavaScript error: resource://gre/modules/XULStore.jsm, line 66: Error: Can't find profile directory.
console.log: WebExtensions: reset-default-search: No addons in our list are installed.
JavaScript error: , line 0: AbortError: Actor 'ASRouter' destroyed before query 'NEWTAB_MESSAGE_REQUEST' was resolved
1615515596614	Marionette	INFO	Stopped listening on port 39607
1615515631961	geckodriver	INFO	Listening on 127.0.0.1:38725
1615515631970	mozrunner::runner	INFO	Running command: "/usr/bin/firefox" "--marionette" "headless" "window-size=1920x1080" "-foreground" "-no-remote" "-profile" "/tmp/rust_mozprofilepDhT0c"
console.warn: SearchSettings: "get: No settings file exists, new profile?" (new Error("", "(unknown module)"))
1615515638708	Marionette	INFO	Listening on port 41465
1615515638814	Marionette	WARN	TLS certificate errors will be ignored for this session
JavaScript error: resource://gre/modules/XULStore.jsm, line 66: Error: Can't find profile directory.
JavaScript error: resource://gre/modules/XULStore.jsm, line 66: Error: Can't find profile directory.
JavaScript error: resource://gre/modules/XULStore.jsm, line 66: Error: Can't find profile directory.
JavaScript error: resource://gre/modules/XULStore.jsm, line 66: Error: Can't find profile directory.
JavaScript error: resource://gre/modules/XULStore.jsm, line 66: Error: Can't find profile directory.
JavaScript error: , line 0: AbortError: Actor 'ASRouter' destroyed before query 'NEWTAB_MESSAGE_REQUEST' was resolved
1615515648753	Marionette	INFO	Stopped listening on port 41465
JavaScript error: , line 0: AbortError: Actor 'ASRouter' destroyed before query 'NEWTAB_MESSAGE_REQUEST' was resolved
1615515748696	Marionette	INFO	Stopped listening on port 42583

###!!! [Parent][RunMessage] Error: Channel closing: too late to send/recv, messages will be lost

1615515749837	geckodriver	INFO	Listening on 127.0.0.1:59617
1615515749841	mozrunner::runner	INFO	Running command: "/usr/bin/firefox" "--marionette" "headless" "window-size=1920x1080" "-foreground" "-no-remote" "-profile" "/tmp/rust_mozprofileDZdsDt"
console.warn: SearchSettings: "get: No settings file exists, new profile?" (new Error("", "(unknown module)"))
1615515759414	Marionette	INFO	Listening on port 44431
1615515759489	Marionette	WARN	TLS certificate errors will be ignored for this session
JavaScript error: resource://gre/modules/XULStore.jsm, line 66: Error: Can't find profile directory.
JavaScript error: resource://gre/modules/XULStore.jsm, line 66: Error: Can't find profile directory.
JavaScript error: resource://gre/modules/XULStore.jsm, line 66: Error: Can't find profile directory.
JavaScript error: , line 0: AbortError: Actor 'ASRouter' destroyed before query 'NEWTAB_MESSAGE_REQUEST' was resolved
1615515769320	Marionette	INFO	Stopped listening on port 44431
1615823880350	mozrunner::runner	INFO	Running command: "/usr/bin/firefox" "-marionette" "-foreground" "-no-remote" "-profile" "/tmp/rust_mozprofile.pLrz4y0QiEJv"
1615824002855	geckodriver	INFO	Listening on 127.0.0.1:56979
1615824003209	mozrunner::runner	INFO	Running command: "/usr/bin/firefox" "--marionette" "headless" "window-size=1920x1080" "-foreground" "-no-remote" "-profile" "/tmp/rust_mozprofileGPh2jU"
console.warn: SearchSettings: "get: No settings file exists, new profile?" (new Error("", "(unknown module)"))
Exiting due to channel error.
Exiting due to channel error.
Exiting due to channel error.
Exiting due to channel error.
1615824139714	geckodriver	INFO	Listening on 127.0.0.1:56371
1615824139810	mozrunner::runner	INFO	Running command: "/usr/bin/firefox" "--marionette" "headless" "window-size=1920x1080" "-foreground" "-no-remote" "-profile" "/tmp/rust_mozprofileJPTsFa"
console.warn: SearchSettings: "get: No settings file exists, new profile?" (new Error("", "(unknown module)"))
console.error: Region.jsm: "Error fetching region" (new Error("TIMEOUT", "resource://gre/modules/Region.jsm", 775))
console.error: Region.jsm: "Failed to fetch region" (new Error("TIMEOUT", "resource://gre/modules/Region.jsm", 422))
1615824171189	Marionette	INFO	Listening on port 43411
1615824171617	Marionette	WARN	TLS certificate errors will be ignored for this session
JavaScript error: resource://gre/modules/XULStore.jsm, line 66: Error: Can't find profile directory.
JavaScript error: resource://gre/modules/XULStore.jsm, line 66: Error: Can't find profile directory.
JavaScript error: resource://gre/modules/XULStore.jsm, line 66: Error: Can't find profile directory.
JavaScript error: , line 0: uncaught exception: undefined
JavaScript error: , line 0: AbortError: Actor 'ASRouter' destroyed before query 'NEWTAB_MESSAGE_REQUEST' was resolved
JavaScript error: resource://gre/modules/UrlClassifierListManager.jsm, line 691: TypeError: this.tablesData[table] is undefined
1615824198667	Marionette	INFO	Stopped listening on port 43411

###!!! [Parent][RunMessage] Error: Channel closing: too late to send/recv, messages will be lost

1615824218037	geckodriver	INFO	Listening on 127.0.0.1:38091
1615824218042	mozrunner::runner	INFO	Running command: "/usr/bin/firefox" "--marionette" "headless" "window-size=1920x1080" "-foreground" "-no-remote" "-profile" "/tmp/rust_mozprofileDoc8eo"
console.warn: SearchSettings: "get: No settings file exists, new profile?" (new Error("", "(unknown module)"))
console.error: Region.jsm: "Error fetching region" (new Error("TIMEOUT", "resource://gre/modules/Region.jsm", 775))
console.error: Region.jsm: "Failed to fetch region" (new Error("TIMEOUT", "resource://gre/modules/Region.jsm", 422))
1615824243555	Marionette	INFO	Listening on port 35351
1615824243630	Marionette	WARN	TLS certificate errors will be ignored for this session
JavaScript error: , line 0: uncaught exception: undefined
JavaScript error: resource://gre/modules/XULStore.jsm, line 66: Error: Can't find profile directory.
JavaScript error: resource://gre/modules/XULStore.jsm, line 66: Error: Can't find profile directory.
JavaScript error: resource://gre/modules/XULStore.jsm, line 66: Error: Can't find profile directory.
JavaScript error: , line 0: AbortError: Actor 'ASRouter' destroyed before query 'NEWTAB_MESSAGE_REQUEST' was resolved
JavaScript error: resource://activity-stream/lib/ASRouter.jsm, line 969: TypeError: this._storage is null
JavaScript error: resource://gre/modules/UrlClassifierListManager.jsm, line 691: TypeError: this.tablesData[table] is undefined
console.log: "RemoteSettingsWorker error: Error: Can't import when we've started shutting down."
console.log: "RemoteSettingsWorker error: Error: Can't import when we've started shutting down."
console.log: "RemoteSettingsWorker error: Error: Can't import when we've started shutting down."
console.log: "RemoteSettingsWorker error: Error: Can't import when we've started shutting down."
console.error: "Could not load engine google@search.mozilla.org: [Exception... \"AddonManager is not initialized\"  nsresult: \"0xc1f30001 (NS_ERROR_NOT_INITIALIZED)\"  location: \"JS frame :: resource://gre/modules/AddonManager.jsm :: installBuiltinAddon :: line 2550\"  data: no]"
console.error: "Could not load engine wikipedia@search.mozilla.org: [Exception... \"AddonManager is not initialized\"  nsresult: \"0xc1f30001 (NS_ERROR_NOT_INITIALIZED)\"  location: \"JS frame :: resource://gre/modules/AddonManager.jsm :: installBuiltinAddon :: line 2550\"  data: no]"
console.error: "Could not load engine mercadolivre@search.mozilla.org: [Exception... \"AddonManager is not initialized\"  nsresult: \"0xc1f30001 (NS_ERROR_NOT_INITIALIZED)\"  location: \"JS frame :: resource://gre/modules/AddonManager.jsm :: installBuiltinAddon :: line 2550\"  data: no]"
console.error: "Could not load engine bing@search.mozilla.org: [Exception... \"AddonManager is not initialized\"  nsresult: \"0xc1f30001 (NS_ERROR_NOT_INITIALIZED)\"  location: \"JS frame :: resource://gre/modules/AddonManager.jsm :: installBuiltinAddon :: line 2550\"  data: no]"
console.error: "Could not load engine ddg@search.mozilla.org: [Exception... \"AddonManager is not initialized\"  nsresult: \"0xc1f30001 (NS_ERROR_NOT_INITIALIZED)\"  location: \"JS frame :: resource://gre/modules/AddonManager.jsm :: installBuiltinAddon :: line 2550\"  data: no]"
console.warn: SearchService: "_init: abandoning init due to shutting down"
JavaScript error: , line 0: uncaught exception: 2147500036
JavaScript error: , line 0: uncaught exception: 2147500036
JavaScript error: , line 0: uncaught exception: 2147500036
JavaScript error: , line 0: uncaught exception: 2147500036
JavaScript error: , line 0: uncaught exception: 2147500036
JavaScript error: , line 0: uncaught exception: 2147500036
JavaScript error: , line 0: uncaught exception: 2147500036
JavaScript error: , line 0: uncaught exception: 2147500036
JavaScript error: , line 0: uncaught exception: 2147500036
JavaScript error: , line 0: uncaught exception: 2147500036
JavaScript error: resource://gre/modules/IndexedDB.jsm, line 370: UnknownError: IDBDatabase.transaction: Can't start IndexedDB transaction during shutdown
console.error: PushService: 
  stateChangeProcessEnqueue: Error transitioning state
  AbortError
JavaScript error: , line 0: AbortError: A request was aborted, for example through a call to IDBTransaction.abort.
JavaScript error: , line 0: AbortError: A request was aborted, for example through a call to IDBTransaction.abort.
JavaScript error: , line 0: AbortError: A request was aborted, for example through a call to IDBTransaction.abort.
console.error: PushService: 
  clearOriginData: Error clearing origin data:
  AbortError
1615824268456	Marionette	INFO	Stopped listening on port 35351

###!!! [Parent][RunMessage] Error: Channel closing: too late to send/recv, messages will be lost

1615824522439	mozrunner::runner	INFO	Running command: "/usr/bin/firefox" "-marionette" "-foreground" "-no-remote" "-profile" "/tmp/rust_mozprofile.sMAzsfn687r5"
console.warn: SearchSettings: "get: No settings file exists, new profile?" (new Error("", "(unknown module)"))
1615824528338	Marionette	INFO	Listening on port 34197
1615824528441	Marionette	WARN	TLS certificate errors will be ignored for this session
JavaScript error: resource://gre/modules/XULStore.jsm, line 66: Error: Can't find profile directory.
JavaScript error: resource://gre/modules/XULStore.jsm, line 66: Error: Can't find profile directory.
1615824535102	Marionette	INFO	Stopped listening on port 34197
JavaScript error: resource://gre/modules/UrlClassifierListManager.jsm, line 691: TypeError: this.tablesData[table] is undefined
JavaScript error: resource://activity-stream/lib/ASRouter.jsm, line 988: NS_ERROR_ILLEGAL_VALUE: Component returned failure code: 0x80070057 (NS_ERROR_ILLEGAL_VALUE) [nsIObserverService.removeObserver]
JavaScript error: , line 0: uncaught exception: undefined

###!!! [Parent][RunMessage] Error: Channel closing: too late to send/recv, messages will be lost

1615824548893	mozrunner::runner	INFO	Running command: "/usr/bin/firefox" "-marionette" "-foreground" "-no-remote" "-profile" "/tmp/rust_mozprofile.7sd92qOCunwn"
console.warn: SearchSettings: "get: No settings file exists, new profile?" (new Error("", "(unknown module)"))
1615824554612	Marionette	INFO	Listening on port 35839
1615824554726	Marionette	WARN	TLS certificate errors will be ignored for this session
JavaScript error: resource://gre/modules/XULStore.jsm, line 66: Error: Can't find profile directory.
JavaScript error: resource://gre/modules/XULStore.jsm, line 66: Error: Can't find profile directory.
1615824561070	Marionette	INFO	Stopped listening on port 35839
JavaScript error: resource://activity-stream/lib/ASRouter.jsm, line 988: NS_ERROR_ILLEGAL_VALUE: Component returned failure code: 0x80070057 (NS_ERROR_ILLEGAL_VALUE) [nsIObserverService.removeObserver]
JavaScript error: resource://gre/modules/UrlClassifierListManager.jsm, line 691: TypeError: this.tablesData[table] is undefined
JavaScript error: , line 0: uncaught exception: undefined
1615824602536	mozrunner::runner	INFO	Running command: "/usr/bin/firefox" "-marionette" "-foreground" "-no-remote" "-profile" "/tmp/rust_mozprofile.0fwwsCWWznjK"
console.warn: SearchSettings: "get: No settings file exists, new profile?" (new Error("", "(unknown module)"))
1615824609256	Marionette	INFO	Listening on port 34503
1615824609274	Marionette	WARN	TLS certificate errors will be ignored for this session
1615824616368	Marionette	INFO	Stopped listening on port 34503
JavaScript error: resource://activity-stream/lib/ASRouter.jsm, line 988: NS_ERROR_ILLEGAL_VALUE: Component returned failure code: 0x80070057 (NS_ERROR_ILLEGAL_VALUE) [nsIObserverService.removeObserver]

###!!! [Parent][RunMessage] Error: Channel closing: too late to send/recv, messages will be lost

1615824629439	mozrunner::runner	INFO	Running command: "/usr/bin/firefox" "-marionette" "-foreground" "-no-remote" "-profile" "/tmp/rust_mozprofile.mlDWDe7AV2dv"
console.warn: SearchSettings: "get: No settings file exists, new profile?" (new Error("", "(unknown module)"))
1615824635872	Marionette	INFO	Listening on port 37241
1615824635975	Marionette	WARN	TLS certificate errors will be ignored for this session
1615824641084	Marionette	INFO	Stopped listening on port 37241
JavaScript error: resource://activity-stream/lib/ASRouter.jsm, line 988: NS_ERROR_ILLEGAL_VALUE: Component returned failure code: 0x80070057 (NS_ERROR_ILLEGAL_VALUE) [nsIObserverService.removeObserver]
JavaScript error: resource://gre/modules/UrlClassifierListManager.jsm, line 691: TypeError: this.tablesData[table] is undefined

###!!! [Child][MessageChannel] Error: (msgtype=0x5C000D,name=PHttpChannel::Msg___delete__) Channel closing: too late to send/recv, messages will be lost


###!!! [Child][MessageChannel] Error: (msgtype=0x6C0027,name=PNecko::Msg_RemoveRequestContext) Channel closing: too late to send/recv, messages will be lost


###!!! [Child][RunMessage] Error: Channel closing: too late to send/recv, messages will be lost


###!!! [Child][RunMessage] Error: Channel closing: too late to send/recv, messages will be lost


###!!! [Child][RunMessage] Error: Channel closing: too late to send/recv, messages will be lost


###!!! [Child][RunMessage] Error: Channel closing: too late to send/recv, messages will be lost


###!!! [Child][RunMessage] Error: Channel closing: too late to send/recv, messages will be lost


###!!! [Child][RunMessage] Error: Channel closing: too late to send/recv, messages will be lost


###!!! [Child][RunMessage] Error: Channel closing: too late to send/recv, messages will be lost


###!!! [Child][RunMessage] Error: Channel closing: too late to send/recv, messages will be lost


###!!! [Child][MessageChannel] Error: (msgtype=0x230033,name=PBrowser::Msg___delete__) Channel closing: too late to send/recv, messages will be lost

JavaScript error: resource://gre/modules/Sqlite.jsm, line 1030: Error: Sqlite.jsm has been shutdown. Cannot open connection to: /tmp/rust_mozprofile.mlDWDe7AV2dv/protections.sqlite

###!!! [Parent][RunMessage] Error: Channel closing: too late to send/recv, messages will be lost

1615824735783	mozrunner::runner	INFO	Running command: "/usr/bin/firefox" "-marionette" "-foreground" "-no-remote" "-profile" "/tmp/rust_mozprofile.riXhylE6DZtS"
console.warn: SearchSettings: "get: No settings file exists, new profile?" (new Error("", "(unknown module)"))
1615824741072	Marionette	INFO	Listening on port 33347
1615824741114	Marionette	WARN	TLS certificate errors will be ignored for this session
1615824746544	Marionette	INFO	Stopped listening on port 33347
JavaScript error: resource://activity-stream/lib/ASRouter.jsm, line 988: NS_ERROR_ILLEGAL_VALUE: Component returned failure code: 0x80070057 (NS_ERROR_ILLEGAL_VALUE) [nsIObserverService.removeObserver]
JavaScript error: resource://gre/modules/UrlClassifierListManager.jsm, line 691: TypeError: this.tablesData[table] is undefined

###!!! [Child][MessageChannel] Error: (msgtype=0x230033,name=PBrowser::Msg___delete__) Channel closing: too late to send/recv, messages will be lost

JavaScript error: resource://gre/modules/Sqlite.jsm, line 1030: Error: Sqlite.jsm has been shutdown. Cannot open connection to: /tmp/rust_mozprofile.riXhylE6DZtS/protections.sqlite
1615824766663	mozrunner::runner	INFO	Running command: "/usr/bin/firefox" "-marionette" "-foreground" "-no-remote" "-profile" "/tmp/rust_mozprofile.sGySyXakFoln"
console.warn: SearchSettings: "get: No settings file exists, new profile?" (new Error("", "(unknown module)"))
1615824773552	Marionette	INFO	Listening on port 37109
1615824773604	Marionette	WARN	TLS certificate errors will be ignored for this session
1615824779695	Marionette	INFO	Stopped listening on port 37109
JavaScript error: resource://activity-stream/lib/ASRouter.jsm, line 988: NS_ERROR_ILLEGAL_VALUE: Component returned failure code: 0x80070057 (NS_ERROR_ILLEGAL_VALUE) [nsIObserverService.removeObserver]
JavaScript error: resource://gre/modules/UrlClassifierListManager.jsm, line 691: TypeError: this.tablesData[table] is undefined

###!!! [Parent][RunMessage] Error: Channel closing: too late to send/recv, messages will be lost

1615824800800	mozrunner::runner	INFO	Running command: "/usr/bin/firefox" "-marionette" "-foreground" "-no-remote" "-profile" "/tmp/rust_mozprofile.bl0mAJExAvBF"
console.warn: SearchSettings: "get: No settings file exists, new profile?" (new Error("", "(unknown module)"))
1615824806873	Marionette	INFO	Listening on port 36491
1615824806936	Marionette	WARN	TLS certificate errors will be ignored for this session
JavaScript error: resource://gre/modules/XULStore.jsm, line 66: Error: Can't find profile directory.
JavaScript error: resource://gre/modules/XULStore.jsm, line 66: Error: Can't find profile directory.
1615824813016	Marionette	INFO	Stopped listening on port 36491
JavaScript error: resource://activity-stream/lib/ASRouter.jsm, line 988: NS_ERROR_ILLEGAL_VALUE: Component returned failure code: 0x80070057 (NS_ERROR_ILLEGAL_VALUE) [nsIObserverService.removeObserver]
JavaScript error: , line 0: uncaught exception: undefined
JavaScript error: resource://gre/modules/UrlClassifierListManager.jsm, line 691: TypeError: this.tablesData[table] is undefined

###!!! [Parent][RunMessage] Error: Channel closing: too late to send/recv, messages will be lost

1615824883467	mozrunner::runner	INFO	Running command: "/usr/bin/firefox" "-marionette" "-foreground" "-no-remote" "-profile" "/tmp/rust_mozprofile.Oj8eGv0hOae4"
console.warn: SearchSettings: "get: No settings file exists, new profile?" (new Error("", "(unknown module)"))
1615824889296	Marionette	INFO	Listening on port 40129
1615824889412	Marionette	WARN	TLS certificate errors will be ignored for this session
1615824894972	Marionette	INFO	Stopped listening on port 40129
JavaScript error: resource://activity-stream/lib/ASRouter.jsm, line 988: NS_ERROR_ILLEGAL_VALUE: Component returned failure code: 0x80070057 (NS_ERROR_ILLEGAL_VALUE) [nsIObserverService.removeObserver]
JavaScript error: resource://gre/modules/UrlClassifierListManager.jsm, line 691: TypeError: this.tablesData[table] is undefined

###!!! [Parent][RunMessage] Error: Channel closing: too late to send/recv, messages will be lost

1615824934122	mozrunner::runner	INFO	Running command: "/usr/bin/firefox" "-marionette" "-foreground" "-no-remote" "-profile" "/tmp/rust_mozprofile.BKMJ4hUtj2vq"
console.warn: SearchSettings: "get: No settings file exists, new profile?" (new Error("", "(unknown module)"))
1615824941319	Marionette	INFO	Listening on port 39241
1615824941363	Marionette	WARN	TLS certificate errors will be ignored for this session
JavaScript error: resource://gre/modules/XULStore.jsm, line 66: Error: Can't find profile directory.
JavaScript error: resource://gre/modules/XULStore.jsm, line 66: Error: Can't find profile directory.
1615824948106	Marionette	INFO	Stopped listening on port 39241
JavaScript error: resource://activity-stream/lib/ASRouter.jsm, line 988: NS_ERROR_ILLEGAL_VALUE: Component returned failure code: 0x80070057 (NS_ERROR_ILLEGAL_VALUE) [nsIObserverService.removeObserver]

###!!! [Parent][RunMessage] Error: Channel closing: too late to send/recv, messages will be lost

1615825022067	mozrunner::runner	INFO	Running command: "/usr/bin/firefox" "-marionette" "-foreground" "-no-remote" "-profile" "/tmp/rust_mozprofile.fhiPBdcQw7MD"
console.warn: SearchSettings: "get: No settings file exists, new profile?" (new Error("", "(unknown module)"))
1615825028294	Marionette	INFO	Listening on port 33861
1615825028407	Marionette	WARN	TLS certificate errors will be ignored for this session
1615825033923	Marionette	INFO	Stopped listening on port 33861
JavaScript error: resource://activity-stream/lib/ASRouter.jsm, line 988: NS_ERROR_ILLEGAL_VALUE: Component returned failure code: 0x80070057 (NS_ERROR_ILLEGAL_VALUE) [nsIObserverService.removeObserver]
JavaScript error: , line 0: uncaught exception: undefined
JavaScript error: resource://gre/modules/UrlClassifierListManager.jsm, line 691: TypeError: this.tablesData[table] is undefined

###!!! [Parent][RunMessage] Error: Channel closing: too late to send/recv, messages will be lost

1615825068937	mozrunner::runner	INFO	Running command: "/usr/bin/firefox" "-marionette" "-foreground" "-no-remote" "-profile" "/tmp/rust_mozprofile.kkLXCF8dbQf2"
console.warn: SearchSettings: "get: No settings file exists, new profile?" (new Error("", "(unknown module)"))
1615825076036	Marionette	INFO	Listening on port 45907
1615825076077	Marionette	WARN	TLS certificate errors will be ignored for this session
1615825081406	Marionette	INFO	Stopped listening on port 45907
JavaScript error: resource://activity-stream/lib/ASRouter.jsm, line 988: NS_ERROR_ILLEGAL_VALUE: Component returned failure code: 0x80070057 (NS_ERROR_ILLEGAL_VALUE) [nsIObserverService.removeObserver]
JavaScript error: , line 0: uncaught exception: undefined
JavaScript error: resource://gre/modules/UrlClassifierListManager.jsm, line 691: TypeError: this.tablesData[table] is undefined

###!!! [Parent][RunMessage] Error: Channel closing: too late to send/recv, messages will be lost

1615825255596	mozrunner::runner	INFO	Running command: "/usr/bin/firefox" "-marionette" "-foreground" "-no-remote" "-profile" "/tmp/rust_mozprofile.jVNpE3yjJElR"
console.warn: SearchSettings: "get: No settings file exists, new profile?" (new Error("", "(unknown module)"))
1615825262194	Marionette	INFO	Listening on port 46305
1615825262234	Marionette	WARN	TLS certificate errors will be ignored for this session
JavaScript error: resource://gre/modules/XULStore.jsm, line 66: Error: Can't find profile directory.
JavaScript error: resource://gre/modules/XULStore.jsm, line 66: Error: Can't find profile directory.
1615825274411	Marionette	INFO	Stopped listening on port 46305
JavaScript error: resource://activity-stream/lib/ASRouter.jsm, line 988: NS_ERROR_ILLEGAL_VALUE: Component returned failure code: 0x80070057 (NS_ERROR_ILLEGAL_VALUE) [nsIObserverService.removeObserver]

###!!! [Parent][RunMessage] Error: Channel closing: too late to send/recv, messages will be lost

1615825310417	mozrunner::runner	INFO	Running command: "/usr/bin/firefox" "-marionette" "-foreground" "-no-remote" "-profile" "/tmp/rust_mozprofile.P9dcEz9eszaw"
console.warn: SearchSettings: "get: No settings file exists, new profile?" (new Error("", "(unknown module)"))
1615825316765	Marionette	INFO	Listening on port 45109
1615825316872	Marionette	WARN	TLS certificate errors will be ignored for this session
JavaScript error: resource://gre/modules/XULStore.jsm, line 66: Error: Can't find profile directory.
JavaScript error: resource://gre/modules/XULStore.jsm, line 66: Error: Can't find profile directory.
1615825329403	Marionette	INFO	Stopped listening on port 45109
JavaScript error: resource://activity-stream/lib/ASRouter.jsm, line 988: NS_ERROR_ILLEGAL_VALUE: Component returned failure code: 0x80070057 (NS_ERROR_ILLEGAL_VALUE) [nsIObserverService.removeObserver]

###!!! [Parent][RunMessage] Error: Channel closing: too late to send/recv, messages will be lost

1615825371055	mozrunner::runner	INFO	Running command: "/usr/bin/firefox" "-marionette" "-foreground" "-no-remote" "-profile" "/tmp/rust_mozprofile.j4G8xNzBGcBM"
console.warn: SearchSettings: "get: No settings file exists, new profile?" (new Error("", "(unknown module)"))
1615825379578	Marionette	INFO	Listening on port 45311
1615825379601	Marionette	WARN	TLS certificate errors will be ignored for this session
JavaScript error: resource://gre/modules/XULStore.jsm, line 66: Error: Can't find profile directory.
JavaScript error: resource://gre/modules/XULStore.jsm, line 66: Error: Can't find profile directory.
1615825391573	Marionette	INFO	Stopped listening on port 45311
JavaScript error: resource://activity-stream/lib/ASRouter.jsm, line 988: NS_ERROR_ILLEGAL_VALUE: Component returned failure code: 0x80070057 (NS_ERROR_ILLEGAL_VALUE) [nsIObserverService.removeObserver]

###!!! [Parent][RunMessage] Error: Channel closing: too late to send/recv, messages will be lost

1615825436454	mozrunner::runner	INFO	Running command: "/usr/bin/firefox" "-marionette" "-foreground" "-no-remote" "-profile" "/tmp/rust_mozprofile.G1yazdN8qNeg"
console.warn: SearchSettings: "get: No settings file exists, new profile?" (new Error("", "(unknown module)"))
1615825444278	Marionette	INFO	Listening on port 37153
1615825444297	Marionette	WARN	TLS certificate errors will be ignored for this session
JavaScript error: resource://gre/modules/XULStore.jsm, line 66: Error: Can't find profile directory.
JavaScript error: resource://gre/modules/XULStore.jsm, line 66: Error: Can't find profile directory.
1615825450892	Marionette	INFO	Stopped listening on port 37153
JavaScript error: resource://activity-stream/lib/ASRouter.jsm, line 988: NS_ERROR_ILLEGAL_VALUE: Component returned failure code: 0x80070057 (NS_ERROR_ILLEGAL_VALUE) [nsIObserverService.removeObserver]
JavaScript error: , line 0: uncaught exception: undefined
JavaScript error: resource://gre/modules/UrlClassifierListManager.jsm, line 691: TypeError: this.tablesData[table] is undefined

###!!! [Parent][RunMessage] Error: Channel closing: too late to send/recv, messages will be lost

1615825504761	mozrunner::runner	INFO	Running command: "/usr/bin/firefox" "-marionette" "-foreground" "-no-remote" "-profile" "/tmp/rust_mozprofile.MrHKGxR8ipSU"
console.warn: SearchSettings: "get: No settings file exists, new profile?" (new Error("", "(unknown module)"))
1615825511845	Marionette	INFO	Listening on port 39287
1615825511900	Marionette	WARN	TLS certificate errors will be ignored for this session
JavaScript error: resource://gre/modules/XULStore.jsm, line 66: Error: Can't find profile directory.
JavaScript error: resource://gre/modules/XULStore.jsm, line 66: Error: Can't find profile directory.
1615825517841	Marionette	INFO	Stopped listening on port 39287
JavaScript error: resource://activity-stream/lib/ASRouter.jsm, line 988: NS_ERROR_ILLEGAL_VALUE: Component returned failure code: 0x80070057 (NS_ERROR_ILLEGAL_VALUE) [nsIObserverService.removeObserver]
JavaScript error: resource://gre/modules/UrlClassifierListManager.jsm, line 691: TypeError: this.tablesData[table] is undefined

###!!! [Parent][RunMessage] Error: Channel closing: too late to send/recv, messages will be lost

1615825571470	mozrunner::runner	INFO	Running command: "/usr/bin/firefox" "-marionette" "-foreground" "-no-remote" "-profile" "/tmp/rust_mozprofile.38ICeMM5VLnW"
console.warn: SearchSettings: "get: No settings file exists, new profile?" (new Error("", "(unknown module)"))
1615825579078	Marionette	INFO	Listening on port 44279
1615825579115	Marionette	WARN	TLS certificate errors will be ignored for this session
JavaScript error: resource://gre/modules/XULStore.jsm, line 66: Error: Can't find profile directory.
JavaScript error: resource://gre/modules/XULStore.jsm, line 66: Error: Can't find profile directory.
1615825590024	Marionette	INFO	Stopped listening on port 44279
JavaScript error: resource://activity-stream/lib/ASRouter.jsm, line 988: NS_ERROR_ILLEGAL_VALUE: Component returned failure code: 0x80070057 (NS_ERROR_ILLEGAL_VALUE) [nsIObserverService.removeObserver]

###!!! [Parent][RunMessage] Error: Channel closing: too late to send/recv, messages will be lost

1615825607275	mozrunner::runner	INFO	Running command: "/usr/bin/firefox" "-marionette" "-foreground" "-no-remote" "-profile" "/tmp/rust_mozprofile.nV357EMYxh1k"
console.warn: SearchSettings: "get: No settings file exists, new profile?" (new Error("", "(unknown module)"))
1615825615385	Marionette	INFO	Listening on port 38823
1615825615417	Marionette	WARN	TLS certificate errors will be ignored for this session
JavaScript error: resource://gre/modules/XULStore.jsm, line 66: Error: Can't find profile directory.
JavaScript error: resource://gre/modules/XULStore.jsm, line 66: Error: Can't find profile directory.
1615825626764	Marionette	INFO	Stopped listening on port 38823
JavaScript error: resource://activity-stream/lib/ASRouter.jsm, line 988: NS_ERROR_ILLEGAL_VALUE: Component returned failure code: 0x80070057 (NS_ERROR_ILLEGAL_VALUE) [nsIObserverService.removeObserver]

###!!! [Parent][RunMessage] Error: Channel closing: too late to send/recv, messages will be lost

1615825649419	mozrunner::runner	INFO	Running command: "/usr/bin/firefox" "-marionette" "-foreground" "-no-remote" "-profile" "/tmp/rust_mozprofile.MjLOKdfWjbFc"
console.warn: SearchSettings: "get: No settings file exists, new profile?" (new Error("", "(unknown module)"))
1615825657794	Marionette	INFO	Listening on port 45069
1615825657859	Marionette	WARN	TLS certificate errors will be ignored for this session
JavaScript error: resource://gre/modules/XULStore.jsm, line 66: Error: Can't find profile directory.
JavaScript error: resource://gre/modules/XULStore.jsm, line 66: Error: Can't find profile directory.
1615825668515	Marionette	INFO	Stopped listening on port 45069
JavaScript error: resource://activity-stream/lib/ASRouter.jsm, line 988: NS_ERROR_ILLEGAL_VALUE: Component returned failure code: 0x80070057 (NS_ERROR_ILLEGAL_VALUE) [nsIObserverService.removeObserver]

###!!! [Parent][RunMessage] Error: Channel closing: too late to send/recv, messages will be lost

1615825762720	mozrunner::runner	INFO	Running command: "/usr/bin/firefox" "-marionette" "-foreground" "-no-remote" "-profile" "/tmp/rust_mozprofile.SaeItdULfwlT"
console.warn: SearchSettings: "get: No settings file exists, new profile?" (new Error("", "(unknown module)"))
1615825771093	Marionette	INFO	Listening on port 33381
1615825771160	Marionette	WARN	TLS certificate errors will be ignored for this session
JavaScript error: resource://gre/modules/XULStore.jsm, line 66: Error: Can't find profile directory.
JavaScript error: resource://gre/modules/XULStore.jsm, line 66: Error: Can't find profile directory.
1615825781745	Marionette	INFO	Stopped listening on port 33381
JavaScript error: resource://activity-stream/lib/ASRouter.jsm, line 988: NS_ERROR_ILLEGAL_VALUE: Component returned failure code: 0x80070057 (NS_ERROR_ILLEGAL_VALUE) [nsIObserverService.removeObserver]
1615826336374	mozrunner::runner	INFO	Running command: "/usr/bin/firefox" "-marionette" "-foreground" "-no-remote" "-profile" "/tmp/rust_mozprofile.Df2L3iahstOZ"
console.warn: SearchSettings: "get: No settings file exists, new profile?" (new Error("", "(unknown module)"))
1615826343940	Marionette	INFO	Listening on port 42917
1615826344013	Marionette	WARN	TLS certificate errors will be ignored for this session
JavaScript warning: https://vlibras.gov.br/app2/vlibras-plugin.js, line 81: unreachable code after return statement
1615826380994	Marionette	INFO	Stopped listening on port 42917
JavaScript error: resource://activity-stream/lib/ASRouter.jsm, line 988: NS_ERROR_ILLEGAL_VALUE: Component returned failure code: 0x80070057 (NS_ERROR_ILLEGAL_VALUE) [nsIObserverService.removeObserver]

###!!! [Parent][RunMessage] Error: Channel closing: too late to send/recv, messages will be lost

1615826430522	mozrunner::runner	INFO	Running command: "/usr/bin/firefox" "-marionette" "-foreground" "-no-remote" "-profile" "/tmp/rust_mozprofile.JnFOeUWduCIb"
console.warn: SearchSettings: "get: No settings file exists, new profile?" (new Error("", "(unknown module)"))
1615826439137	Marionette	INFO	Listening on port 33393
1615826439167	Marionette	WARN	TLS certificate errors will be ignored for this session
JavaScript warning: https://vlibras.gov.br/app2/vlibras-plugin.js, line 81: unreachable code after return statement
1615826475833	Marionette	INFO	Stopped listening on port 33393
JavaScript error: resource://activity-stream/lib/ASRouter.jsm, line 988: NS_ERROR_ILLEGAL_VALUE: Component returned failure code: 0x80070057 (NS_ERROR_ILLEGAL_VALUE) [nsIObserverService.removeObserver]

###!!! [Parent][RunMessage] Error: Channel closing: too late to send/recv, messages will be lost

1615826478881	mozrunner::runner	INFO	Running command: "/usr/bin/firefox" "-marionette" "-foreground" "-no-remote" "-profile" "/tmp/rust_mozprofile.NCcMMJffCGhZ"
console.warn: SearchSettings: "get: No settings file exists, new profile?" (new Error("", "(unknown module)"))
1615826486217	Marionette	INFO	Listening on port 41723
1615826486319	Marionette	WARN	TLS certificate errors will be ignored for this session
JavaScript warning: https://vlibras.gov.br/app2/vlibras-plugin.js, line 81: unreachable code after return statement
JavaScript warning: https://vlibras.gov.br/app2/vlibras-plugin.js, line 81: unreachable code after return statement
JavaScript warning: https://vlibras.gov.br/app2/vlibras-plugin.js, line 81: unreachable code after return statement
JavaScript warning: https://vlibras.gov.br/app2/vlibras-plugin.js, line 81: unreachable code after return statement
JavaScript warning: https://vlibras.gov.br/app2/vlibras-plugin.js, line 81: unreachable code after return statement
JavaScript warning: https://vlibras.gov.br/app2/vlibras-plugin.js, line 81: unreachable code after return statement
JavaScript warning: https://vlibras.gov.br/app2/vlibras-plugin.js, line 81: unreachable code after return statement
JavaScript warning: https://vlibras.gov.br/app2/vlibras-plugin.js, line 81: unreachable code after return statement
JavaScript warning: https://vlibras.gov.br/app2/vlibras-plugin.js, line 81: unreachable code after return statement
JavaScript warning: https://vlibras.gov.br/app2/vlibras-plugin.js, line 81: unreachable code after return statement
JavaScript warning: https://vlibras.gov.br/app2/vlibras-plugin.js, line 81: unreachable code after return statement
JavaScript warning: https://vlibras.gov.br/app2/vlibras-plugin.js, line 81: unreachable code after return statement
JavaScript warning: https://vlibras.gov.br/app2/vlibras-plugin.js, line 81: unreachable code after return statement
JavaScript warning: https://vlibras.gov.br/app2/vlibras-plugin.js, line 81: unreachable code after return statement
JavaScript warning: https://vlibras.gov.br/app2/vlibras-plugin.js, line 81: unreachable code after return statement
JavaScript warning: https://vlibras.gov.br/app2/vlibras-plugin.js, line 81: unreachable code after return statement
JavaScript warning: https://vlibras.gov.br/app2/vlibras-plugin.js, line 81: unreachable code after return statement
JavaScript warning: https://vlibras.gov.br/app2/vlibras-plugin.js, line 81: unreachable code after return statement
JavaScript warning: https://vlibras.gov.br/app2/vlibras-plugin.js, line 81: unreachable code after return statement
JavaScript warning: https://vlibras.gov.br/app2/vlibras-plugin.js, line 81: unreachable code after return statement
JavaScript warning: https://vlibras.gov.br/app2/vlibras-plugin.js, line 81: unreachable code after return statement
JavaScript warning: https://vlibras.gov.br/app2/vlibras-plugin.js, line 81: unreachable code after return statement
JavaScript warning: https://vlibras.gov.br/app2/vlibras-plugin.js, line 81: unreachable code after return statement
JavaScript warning: https://vlibras.gov.br/app2/vlibras-plugin.js, line 81: unreachable code after return statement
JavaScript warning: https://vlibras.gov.br/app2/vlibras-plugin.js, line 81: unreachable code after return statement
JavaScript warning: https://vlibras.gov.br/app2/vlibras-plugin.js, line 81: unreachable code after return statement
JavaScript warning: https://vlibras.gov.br/app2/vlibras-plugin.js, line 81: unreachable code after return statement
JavaScript warning: https://vlibras.gov.br/app2/vlibras-plugin.js, line 81: unreachable code after return statement
JavaScript warning: https://vlibras.gov.br/app2/vlibras-plugin.js, line 81: unreachable code after return statement
JavaScript warning: https://vlibras.gov.br/app2/vlibras-plugin.js, line 81: unreachable code after return statement
JavaScript warning: https://vlibras.gov.br/app2/vlibras-plugin.js, line 81: unreachable code after return statement
JavaScript warning: https://vlibras.gov.br/app2/vlibras-plugin.js, line 81: unreachable code after return statement
JavaScript warning: https://vlibras.gov.br/app2/vlibras-plugin.js, line 81: unreachable code after return statement
JavaScript warning: https://vlibras.gov.br/app2/vlibras-plugin.js, line 81: unreachable code after return statement
JavaScript warning: https://vlibras.gov.br/app2/vlibras-plugin.js, line 81: unreachable code after return statement
JavaScript warning: https://vlibras.gov.br/app2/vlibras-plugin.js, line 81: unreachable code after return statement
JavaScript warning: https://vlibras.gov.br/app2/vlibras-plugin.js, line 81: unreachable code after return statement
JavaScript warning: https://vlibras.gov.br/app2/vlibras-plugin.js, line 81: unreachable code after return statement
JavaScript warning: https://vlibras.gov.br/app2/vlibras-plugin.js, line 81: unreachable code after return statement
JavaScript error: resource://gre/actors/PictureInPictureChild.jsm, line 569: TypeError: this.contentWindow is null
JavaScript warning: https://vlibras.gov.br/app2/vlibras-plugin.js, line 81: unreachable code after return statement
JavaScript warning: https://vlibras.gov.br/app2/vlibras-plugin.js, line 81: unreachable code after return statement
JavaScript warning: https://vlibras.gov.br/app2/vlibras-plugin.js, line 81: unreachable code after return statement
JavaScript warning: https://vlibras.gov.br/app2/vlibras-plugin.js, line 81: unreachable code after return statement
JavaScript warning: https://vlibras.gov.br/app2/vlibras-plugin.js, line 81: unreachable code after return statement
JavaScript warning: https://vlibras.gov.br/app2/vlibras-plugin.js, line 81: unreachable code after return statement
JavaScript warning: https://vlibras.gov.br/app2/vlibras-plugin.js, line 81: unreachable code after return statement
JavaScript warning: https://vlibras.gov.br/app2/vlibras-plugin.js, line 81: unreachable code after return statement
JavaScript warning: https://vlibras.gov.br/app2/vlibras-plugin.js, line 81: unreachable code after return statement
JavaScript warning: https://vlibras.gov.br/app2/vlibras-plugin.js, line 81: unreachable code after return statement
JavaScript warning: https://vlibras.gov.br/app2/vlibras-plugin.js, line 81: unreachable code after return statement
JavaScript warning: https://vlibras.gov.br/app2/vlibras-plugin.js, line 81: unreachable code after return statement
JavaScript warning: https://vlibras.gov.br/app2/vlibras-plugin.js, line 81: unreachable code after return statement
JavaScript warning: https://vlibras.gov.br/app2/vlibras-plugin.js, line 81: unreachable code after return statement
JavaScript warning: https://vlibras.gov.br/app2/vlibras-plugin.js, line 81: unreachable code after return statement
JavaScript warning: https://vlibras.gov.br/app2/vlibras-plugin.js, line 81: unreachable code after return statement
JavaScript warning: https://vlibras.gov.br/app2/vlibras-plugin.js, line 81: unreachable code after return statement
JavaScript warning: https://vlibras.gov.br/app2/vlibras-plugin.js, line 81: unreachable code after return statement
JavaScript warning: https://vlibras.gov.br/app2/vlibras-plugin.js, line 81: unreachable code after return statement
JavaScript warning: https://vlibras.gov.br/app2/vlibras-plugin.js, line 81: unreachable code after return statement
JavaScript error: resource://activity-stream/lib/ASRouter.jsm, line 988: NS_ERROR_ILLEGAL_VALUE: Component returned failure code: 0x80070057 (NS_ERROR_ILLEGAL_VALUE) [nsIObserverService.removeObserver]
1615826670201	Marionette	INFO	Stopped listening on port 41723

###!!! [Parent][RunMessage] Error: Channel closing: too late to send/recv, messages will be lost

1615847559563	mozrunner::runner	INFO	Running command: "/usr/bin/firefox" "-marionette" "-foreground" "-no-remote" "-profile" "/tmp/rust_mozprofile.Zr6kqoo4Xr0i"
console.warn: SearchSettings: "get: No settings file exists, new profile?" (new Error("", "(unknown module)"))
console.error: Region.jsm: "Error fetching region" (new Error("TIMEOUT", "resource://gre/modules/Region.jsm", 775))
console.error: Region.jsm: "Failed to fetch region" (new Error("TIMEOUT", "resource://gre/modules/Region.jsm", 422))
1615847608030	Marionette	INFO	Listening on port 44599
1615847608376	Marionette	WARN	TLS certificate errors will be ignored for this session
JavaScript error: resource://gre/modules/XULStore.jsm, line 66: Error: Can't find profile directory.
JavaScript error: resource://gre/modules/XULStore.jsm, line 66: Error: Can't find profile directory.
1615847626246	Marionette	INFO	Stopped listening on port 44599
JavaScript error: resource://activity-stream/lib/ASRouter.jsm, line 988: NS_ERROR_ILLEGAL_VALUE: Component returned failure code: 0x80070057 (NS_ERROR_ILLEGAL_VALUE) [nsIObserverService.removeObserver]
console.error: "Could not load engine wikipedia@search.mozilla.org: Error: Data is not ready."
console.error: "Could not load engine mercadolivre@search.mozilla.org: [Exception... \"AddonManager is not initialized\"  nsresult: \"0xc1f30001 (NS_ERROR_NOT_INITIALIZED)\"  location: \"JS frame :: resource://gre/modules/AddonManager.jsm :: installBuiltinAddon :: line 2550\"  data: no]"
console.error: "Could not load engine bing@search.mozilla.org: [Exception... \"AddonManager is not initialized\"  nsresult: \"0xc1f30001 (NS_ERROR_NOT_INITIALIZED)\"  location: \"JS frame :: resource://gre/modules/AddonManager.jsm :: installBuiltinAddon :: line 2550\"  data: no]"
console.error: "Could not load engine ddg@search.mozilla.org: [Exception... \"AddonManager is not initialized\"  nsresult: \"0xc1f30001 (NS_ERROR_NOT_INITIALIZED)\"  location: \"JS frame :: resource://gre/modules/AddonManager.jsm :: installBuiltinAddon :: line 2550\"  data: no]"
console.warn: SearchService: "_init: abandoning init due to shutting down"
JavaScript error: resource://gre/modules/AsyncShutdown.jsm, line 573: uncaught exception: 2147500036
JavaScript error: resource://gre/modules/AsyncShutdown.jsm, line 573: uncaught exception: 2147500036
JavaScript error: resource://gre/modules/AsyncShutdown.jsm, line 573: uncaught exception: 2147500036
JavaScript error: resource://gre/modules/AsyncShutdown.jsm, line 573: uncaught exception: 2147500036
JavaScript error: resource://gre/modules/AsyncShutdown.jsm, line 573: uncaught exception: 2147500036
JavaScript error: resource://gre/modules/AsyncShutdown.jsm, line 573: uncaught exception: 2147500036
JavaScript error: resource://gre/modules/SearchService.jsm, line 1280: NS_ERROR_ABORT: SearchService initialization failed
JavaScript error: resource://gre/modules/SearchService.jsm, line 1280: NS_ERROR_ABORT: SearchService initialization failed
JavaScript error: resource://gre/modules/SearchService.jsm, line 1280: NS_ERROR_ABORT: SearchService initialization failed
JavaScript error: resource://gre/modules/SearchService.jsm, line 1280: NS_ERROR_ABORT: SearchService initialization failed

###!!! [Parent][RunMessage] Error: Channel closing: too late to send/recv, messages will be lost

1615847629414	mozrunner::runner	INFO	Running command: "/usr/bin/firefox" "-marionette" "-foreground" "-no-remote" "-profile" "/tmp/rust_mozprofile.y4z9HOXjN8L9"
console.warn: SearchSettings: "get: No settings file exists, new profile?" (new Error("", "(unknown module)"))
console.error: Region.jsm: "Error fetching region" (new Error("TIMEOUT", "resource://gre/modules/Region.jsm", 775))
console.error: Region.jsm: "Failed to fetch region" (new Error("TIMEOUT", "resource://gre/modules/Region.jsm", 422))
1615847643881	Marionette	INFO	Listening on port 37557
1615847644000	Marionette	WARN	TLS certificate errors will be ignored for this session
JavaScript error: resource://gre/modules/XULStore.jsm, line 66: Error: Can't find profile directory.
JavaScript error: resource://gre/modules/XULStore.jsm, line 66: Error: Can't find profile directory.
1615847654948	Marionette	INFO	Stopped listening on port 37557
JavaScript error: resource://activity-stream/lib/ASRouter.jsm, line 988: NS_ERROR_ILLEGAL_VALUE: Component returned failure code: 0x80070057 (NS_ERROR_ILLEGAL_VALUE) [nsIObserverService.removeObserver]
JavaScript error: resource://gre/modules/UrlClassifierListManager.jsm, line 691: TypeError: this.tablesData[table] is undefined

###!!! [Parent][RunMessage] Error: Channel closing: too late to send/recv, messages will be lost

